19:33:59.789 [main] INFO  api.tests.UserTest - **********************Adding user************************
19:34:07.997 [main] INFO  api.tests.UserTest - **********************Added user************************
19:34:08.055 [main] INFO  api.tests.UserTest - **********************Retrieve user************************
19:34:09.639 [main] INFO  api.tests.UserTest - **********************fetched user************************
19:34:09.649 [main] INFO  api.tests.UserTest - **********************updating user************************
19:34:11.112 [main] INFO  api.tests.UserTest - **********************updated user************************
19:34:11.121 [main] INFO  api.tests.UserTest - **********************Deleting user************************
19:34:12.496 [main] INFO  api.tests.UserTest - **********************Deleted user************************
13:30:51.506 [main] INFO  api.tests.UserTest - **********************Adding user************************
13:30:56.478 [main] INFO  api.tests.UserTest - **********************Added user************************
13:30:56.484 [main] INFO  api.tests.UserTest - **********************Retrieve user************************
13:30:58.132 [main] INFO  api.tests.UserTest - **********************fetched user************************
13:30:58.135 [main] INFO  api.tests.UserTest - **********************updating user************************
13:30:59.722 [main] INFO  api.tests.UserTest - **********************updated user************************
13:30:59.727 [main] INFO  api.tests.UserTest - **********************Deleting user************************
13:31:01.154 [main] INFO  api.tests.UserTest - **********************Deleted user************************
13:36:54.186 [main] INFO  api.tests.UserTest - **********************Adding user************************
13:36:58.606 [main] INFO  api.tests.UserTest - **********************Added user************************
13:36:58.625 [main] INFO  api.tests.UserTest - **********************Retrieve user************************
13:37:00.052 [main] INFO  api.tests.UserTest - **********************fetched user************************
13:37:00.054 [main] INFO  api.tests.UserTest - **********************updating user************************
13:37:01.499 [main] INFO  api.tests.UserTest - **********************updated user************************
13:37:01.502 [main] INFO  api.tests.UserTest - **********************Deleting user************************
13:37:03.086 [main] INFO  api.tests.UserTest - **********************Deleted user************************
13:45:43.588 [main] INFO  api.tests.UserTest - **********************Adding user************************
13:45:49.166 [main] INFO  api.tests.UserTest - **********************Added user************************
13:45:49.183 [main] INFO  api.tests.UserTest - **********************Retrieve user************************
13:45:50.857 [main] INFO  api.tests.UserTest - **********************fetched user************************
13:45:50.862 [main] INFO  api.tests.UserTest - **********************updating user************************
13:45:52.553 [main] INFO  api.tests.UserTest - **********************updated user************************
13:45:52.556 [main] INFO  api.tests.UserTest - **********************Deleting user************************
13:45:54.237 [main] INFO  api.tests.UserTest - **********************Deleted user************************
